<?xml version="1.0" encoding="UTF-8"?>
<!-- Generated by org.testng.reporters.JUnitReportReporter -->
<testsuite skipped="0" hostname="DESKTOP-B4HNNLL" name="baseTest.BDDStyle" tests="1" failures="0" timestamp="2021-07-22T08:17:10 IST" time="3.937" errors="0">
  <testcase name="GetBookingIds_VerifyStatusCode" time="3.937" classname="baseTest.BDDStyle"/>
  <system-out/>
</testsuite> <!-- baseTest.BDDStyle -->
