<?xml version="1.0" encoding="UTF-8"?>
<!-- Generated by org.testng.reporters.JUnitReportReporter -->
<testsuite skipped="0" hostname="DESKTOP-B4HNNLL" name="baseTest.BaseTest" tests="1" failures="0" timestamp="2021-07-18T18:15:50 IST" time="0.016" errors="0">
  <testcase name="utilsTest" time="0.016" classname="baseTest.BaseTest"/>
  <system-out/>
</testsuite> <!-- baseTest.BaseTest -->
