<?xml version="1.0" encoding="UTF-8"?>
<!-- Generated by org.testng.reporters.JUnitReportReporter -->
<testsuite skipped="0" hostname="DESKTOP-B4HNNLL" name="studentApiTest.GetAPITests" tests="2" failures="0" timestamp="2021-07-18T19:03:26 IST" time="1.862" errors="0">
  <testcase name="utilsTest" time="0.015" classname="studentApiTest.GetAPITests"/>
  <system-out/>
  <testcase name="getAPITest" time="1.847" classname="studentApiTest.GetAPITests"/>
  <system-out/>
</testsuite> <!-- studentApiTest.GetAPITests -->
