<?xml version="1.0" encoding="UTF-8"?>
<!-- Generated by org.testng.reporters.JUnitReportReporter -->
<testsuite skipped="0" hostname="DESKTOP-B4HNNLL" name="FunctionalTesting.GetRequestAutomation" tests="1" failures="0" timestamp="2021-07-18T11:05:40 IST" time="2.521" errors="0">
  <testcase name="getRequestAutomation" time="2.521" classname="FunctionalTesting.GetRequestAutomation"/>
  <system-out/>
</testsuite> <!-- FunctionalTesting.GetRequestAutomation -->
