<?xml version="1.0" encoding="UTF-8"?>
<!-- Generated by org.testng.reporters.JUnitReportReporter -->
<testsuite skipped="0" hostname="DESKTOP-B4HNNLL" name="FunctionalTesting.PostRequestAutomation" tests="1" failures="0" timestamp="2021-07-18T11:15:20 IST" time="3.046" errors="0">
  <testcase name="postAPIAutomation" time="3.046" classname="FunctionalTesting.PostRequestAutomation"/>
  <system-out/>
</testsuite> <!-- FunctionalTesting.PostRequestAutomation -->
